H:\GITHUB\EASYPDF\EASYPDF\EASYPDF_I.C
H:\GITHUB\EASYPDF\EASYPDF\EASYPDFIDL.H
H:\GitHub\EasyPDF\EasyPDF\Release\cl.command.1.tlog
H:\GitHub\EasyPDF\EasyPDF\Release\CL.read.1.tlog
H:\GitHub\EasyPDF\EasyPDF\Release\CL.write.1.tlog
H:\GITHUB\EASYPDF\EASYPDF\RELEASE\EASYPDF.OBJ
H:\GITHUB\EASYPDF\EASYPDF\RELEASE\EASYPDF.OCX.INTERMEDIATE.MANIFEST
H:\GITHUB\EASYPDF\EASYPDF\RELEASE\EASYPDF.PCH
H:\GITHUB\EASYPDF\EASYPDF\RELEASE\EASYPDF.RES
H:\GITHUB\EASYPDF\EASYPDF\RELEASE\EASYPDF.TLB
H:\GitHub\EasyPDF\EasyPDF\Release\EasyPDF.write.1.tlog
H:\GITHUB\EASYPDF\EASYPDF\RELEASE\EASYPDFCTRL.OBJ
H:\GITHUB\EASYPDF\EASYPDF\RELEASE\EASYPDFPROPPAGE.OBJ
H:\GitHub\EasyPDF\EasyPDF\Release\link.command.1.tlog
H:\GitHub\EasyPDF\EasyPDF\Release\link.read.1.tlog
H:\GitHub\EasyPDF\EasyPDF\Release\link.write.1.tlog
H:\GitHub\EasyPDF\EasyPDF\Release\link-cvtres.read.1.tlog
H:\GitHub\EasyPDF\EasyPDF\Release\link-cvtres.write.1.tlog
H:\GITHUB\EASYPDF\EASYPDF\RELEASE\MAINSECTION.OBJ
H:\GitHub\EasyPDF\EasyPDF\Release\midl.command.1.tlog
H:\GitHub\EasyPDF\EasyPDF\Release\midl.read.1.tlog
H:\GitHub\EasyPDF\EasyPDF\Release\midl.write.1.tlog
H:\GitHub\EasyPDF\EasyPDF\Release\midl-midlc.read.1.tlog
H:\GitHub\EasyPDF\EasyPDF\Release\midl-midlc.write.1.tlog
H:\GitHub\EasyPDF\EasyPDF\Release\midl-midlc-cl.read.1.tlog
H:\GitHub\EasyPDF\EasyPDF\Release\mt.command.1.tlog
H:\GitHub\EasyPDF\EasyPDF\Release\mt.read.1.tlog
H:\GitHub\EasyPDF\EasyPDF\Release\mt.write.1.tlog
H:\GITHUB\EASYPDF\EASYPDF\RELEASE\PDFHELPER.OBJ
H:\GitHub\EasyPDF\EasyPDF\Release\rc.command.1.tlog
H:\GitHub\EasyPDF\EasyPDF\Release\rc.read.1.tlog
H:\GitHub\EasyPDF\EasyPDF\Release\rc.write.1.tlog
H:\GITHUB\EASYPDF\EASYPDF\RELEASE\STDAFX.OBJ
H:\GITHUB\EASYPDF\EASYPDF\RELEASE\VC100.PDB
H:\GitHub\EasyPDF\Release\EasyPDF.exp
H:\GitHub\EasyPDF\Release\EasyPDF.lib
H:\GITHUB\EASYPDF\RELEASE\EASYPDF.OCX
H:\GITHUB\EASYPDF\RELEASE\EASYPDF.PDB
