G:\H\GitHub\EasyPDF\Debug\EasyPDF.exp
G:\H\GITHUB\EASYPDF\DEBUG\EASYPDF.ILK
G:\H\GitHub\EasyPDF\Debug\EasyPDF.lib
G:\H\GITHUB\EASYPDF\DEBUG\EASYPDF.OCX
G:\H\GITHUB\EASYPDF\DEBUG\EASYPDF.PDB
G:\H\GitHub\EasyPDF\EasyPDF\Debug\cl.command.1.tlog
G:\H\GitHub\EasyPDF\EasyPDF\Debug\CL.read.1.tlog
G:\H\GitHub\EasyPDF\EasyPDF\Debug\CL.write.1.tlog
G:\H\GITHUB\EASYPDF\EASYPDF\DEBUG\EASYPDF.OBJ
G:\H\GITHUB\EASYPDF\EASYPDF\DEBUG\EASYPDF.OCX.EMBED.MANIFEST
G:\H\GITHUB\EASYPDF\EASYPDF\DEBUG\EASYPDF.OCX.EMBED.MANIFEST.RES
G:\H\GITHUB\EASYPDF\EASYPDF\DEBUG\EASYPDF.OCX.INTERMEDIATE.MANIFEST
G:\H\GITHUB\EASYPDF\EASYPDF\DEBUG\EASYPDF.PCH
G:\H\GITHUB\EASYPDF\EASYPDF\DEBUG\EASYPDF.RES
G:\H\GITHUB\EASYPDF\EASYPDF\DEBUG\EASYPDF.TLB
G:\H\GitHub\EasyPDF\EasyPDF\Debug\EasyPDF.write.1.tlog
G:\H\GitHub\EasyPDF\EasyPDF\Debug\EasyPDF_manifest.rc
G:\H\GITHUB\EASYPDF\EASYPDF\DEBUG\EASYPDFCTRL.OBJ
G:\H\GITHUB\EASYPDF\EASYPDF\DEBUG\EASYPDFPROPPAGE.OBJ
G:\H\GitHub\EasyPDF\EasyPDF\Debug\link.command.1.tlog
G:\H\GitHub\EasyPDF\EasyPDF\Debug\link.read.1.tlog
G:\H\GitHub\EasyPDF\EasyPDF\Debug\link.write.1.tlog
G:\H\GitHub\EasyPDF\EasyPDF\Debug\link-cvtres.read.1.tlog
G:\H\GitHub\EasyPDF\EasyPDF\Debug\link-cvtres.write.1.tlog
G:\H\GITHUB\EASYPDF\EASYPDF\DEBUG\MAINSECTION.OBJ
G:\H\GitHub\EasyPDF\EasyPDF\Debug\midl.command.1.tlog
G:\H\GitHub\EasyPDF\EasyPDF\Debug\midl.read.1.tlog
G:\H\GitHub\EasyPDF\EasyPDF\Debug\midl.write.1.tlog
G:\H\GitHub\EasyPDF\EasyPDF\Debug\midl-midlc.read.1.tlog
G:\H\GitHub\EasyPDF\EasyPDF\Debug\midl-midlc.write.1.tlog
G:\H\GitHub\EasyPDF\EasyPDF\Debug\midl-midlc-cl.read.1.tlog
G:\H\GitHub\EasyPDF\EasyPDF\Debug\mt.command.1.tlog
G:\H\GitHub\EasyPDF\EasyPDF\Debug\mt.read.1.tlog
G:\H\GitHub\EasyPDF\EasyPDF\Debug\mt.write.1.tlog
G:\H\GITHUB\EASYPDF\EASYPDF\DEBUG\PDFHELPER.OBJ
G:\H\GitHub\EasyPDF\EasyPDF\Debug\rc.command.1.tlog
G:\H\GitHub\EasyPDF\EasyPDF\Debug\rc.read.1.tlog
G:\H\GitHub\EasyPDF\EasyPDF\Debug\rc.write.1.tlog
G:\H\GITHUB\EASYPDF\EASYPDF\DEBUG\STDAFX.OBJ
G:\H\GitHub\EasyPDF\EasyPDF\Debug\vc100.idb
G:\H\GITHUB\EASYPDF\EASYPDF\DEBUG\VC100.PDB
G:\H\GITHUB\EASYPDF\EASYPDF\EASYPDF_I.C
G:\H\GITHUB\EASYPDF\EASYPDF\EASYPDFIDL.H
