生成启动时间为 2013/12/1 23:38:45。
     1>项目“G:\H\GitHub\EasyPDF\EasyPDF\EasyPDF.vcxproj”在节点 2 上(rebuild 个目标)。
     1>_PrepareForClean:
         正在删除文件“Debug\EasyPDF.lastbuildstate”。
       InitializeBuildStatus:
         正在创建“Debug\EasyPDF.unsuccessfulbuild”，因为已指定“AlwaysCreate”。
       Midl:
         C:\Program Files (x86)\Microsoft SDKs\Windows\v7.0A\bin\midl.exe /D _DEBUG /W1 /nologo /char signed /env win32 /h "EasyPDFidl.h" /tlb "Debug\EasyPDF.tlb" /robust EasyPDF.idl 
         Processing .\EasyPDF.idl
         EasyPDF.idl
         Processing C:\Program Files (x86)\Microsoft SDKs\Windows\v7.0A\include\oaidl.idl
         oaidl.idl
         Processing C:\Program Files (x86)\Microsoft SDKs\Windows\v7.0A\include\objidl.idl
         objidl.idl
         Processing C:\Program Files (x86)\Microsoft SDKs\Windows\v7.0A\include\unknwn.idl
         unknwn.idl
         Processing C:\Program Files (x86)\Microsoft SDKs\Windows\v7.0A\include\wtypes.idl
         wtypes.idl
         Processing C:\Program Files (x86)\Microsoft SDKs\Windows\v7.0A\include\basetsd.h
         basetsd.h
         Processing C:\Program Files (x86)\Microsoft SDKs\Windows\v7.0A\include\guiddef.h
         guiddef.h
         Processing C:\Program Files (x86)\Microsoft SDKs\Windows\v7.0A\include\oaidl.acf
         oaidl.acf
       ClCompile:
         C:\Program Files (x86)\Microsoft Visual Studio 10.0\VC\bin\CL.exe /c /ZI /nologo /W3 /WX- /Od /Oy- /D WIN32 /D _WINDOWS /D _DEBUG /D _USRDLL /D _WINDLL /D _UNICODE /D UNICODE /Gm /EHsc /RTC1 /MTd /GS /fp:precise /Zc:wchar_t /Zc:forScope /Yc"StdAfx.h" /Fp"Debug\EasyPDF.pch" /Fo"Debug\\" /Fd"Debug\vc100.pdb" /Gd /TP /analyze- /errorReport:prompt stdafx.cpp
         stdafx.cpp
         C:\Program Files (x86)\Microsoft Visual Studio 10.0\VC\bin\CL.exe /c /ZI /nologo /W3 /WX- /Od /Oy- /D WIN32 /D _WINDOWS /D _DEBUG /D _USRDLL /D _WINDLL /D _UNICODE /D UNICODE /Gm /EHsc /RTC1 /MTd /GS /fp:precise /Zc:wchar_t /Zc:forScope /Yu"StdAfx.h" /Fp"Debug\EasyPDF.pch" /Fo"Debug\\" /Fd"Debug\vc100.pdb" /Gd /TP /analyze- /errorReport:prompt EasyPDF.cpp EasyPDFCtrl.cpp EasyPDFPropPage.cpp MainSection.cpp PDFHelper.cpp
         PDFHelper.cpp
         MainSection.cpp
         EasyPDFPropPage.cpp
         EasyPDFCtrl.cpp
         EasyPDF.cpp
         正在生成代码...
       ResourceCompile:
         C:\Program Files (x86)\Microsoft SDKs\Windows\v7.0A\bin\rc.exe /D _DEBUG /D _UNICODE /D UNICODE /l"0x0804" /IDebug\ /nologo /fo"Debug\EasyPDF.res" EasyPDF.rc 
       ManifestResourceCompile:
         C:\Program Files (x86)\Microsoft SDKs\Windows\v7.0A\bin\rc.exe /nologo /fo"Debug\EasyPDF.ocx.embed.manifest.res" Debug\EasyPDF_manifest.rc 
       Link:
         C:\Program Files (x86)\Microsoft Visual Studio 10.0\VC\bin\link.exe /ERRORREPORT:PROMPT /OUT:"G:\H\GitHub\EasyPDF\Debug\EasyPDF.ocx" /INCREMENTAL /NOLOGO /DEF:".\EasyPDF.def" /MANIFEST /ManifestFile:"Debug\EasyPDF.ocx.intermediate.manifest" /MANIFESTUAC:"level='asInvoker' uiAccess='false'" /DEBUG /PDB:"G:\H\GitHub\EasyPDF\Debug\EasyPDF.pdb" /SUBSYSTEM:WINDOWS /TLBID:1 /DYNAMICBASE /NXCOMPAT /IMPLIB:"G:\H\GitHub\EasyPDF\Debug\EasyPDF.lib" /MACHINE:X86 /DLL Debug\EasyPDF.res
         Debug\EasyPDF.ocx.embed.manifest.res
         Debug\EasyPDF.obj
         Debug\EasyPDFCtrl.obj
         Debug\EasyPDFPropPage.obj
         Debug\MainSection.obj
         Debug\PDFHelper.obj
         Debug\stdafx.obj
         mupdf\libmupdf.lib
            正在创建库 G:\H\GitHub\EasyPDF\Debug\EasyPDF.lib 和对象 G:\H\GitHub\EasyPDF\Debug\EasyPDF.exp
       Manifest:
         正在删除文件“Debug\EasyPDF.ocx.embed.manifest”。
         C:\Program Files (x86)\Microsoft SDKs\Windows\v7.0A\bin\mt.exe /nologo /verbose /out:"Debug\EasyPDF.ocx.embed.manifest" /manifest Debug\EasyPDF.ocx.intermediate.manifest "C:\Program Files (x86)\Microsoft Visual Studio 10.0\VC\Include\Manifest\dpiaware.manifest"
         C:\Program Files (x86)\Microsoft SDKs\Windows\v7.0A\bin\rc.exe /nologo /fo"Debug\EasyPDF.ocx.embed.manifest.res" Debug\EasyPDF_manifest.rc 
       LinkEmbedManifest:
         C:\Program Files (x86)\Microsoft Visual Studio 10.0\VC\bin\link.exe /ERRORREPORT:PROMPT /OUT:"G:\H\GitHub\EasyPDF\Debug\EasyPDF.ocx" /INCREMENTAL /NOLOGO /DEF:".\EasyPDF.def" /MANIFEST /ManifestFile:"Debug\EasyPDF.ocx.intermediate.manifest" /MANIFESTUAC:"level='asInvoker' uiAccess='false'" /DEBUG /PDB:"G:\H\GitHub\EasyPDF\Debug\EasyPDF.pdb" /SUBSYSTEM:WINDOWS /TLBID:1 /DYNAMICBASE /NXCOMPAT /IMPLIB:"G:\H\GitHub\EasyPDF\Debug\EasyPDF.lib" /MACHINE:X86 /DLL Debug\EasyPDF.res
         Debug\EasyPDF.ocx.embed.manifest.res
         Debug\EasyPDF.obj
         Debug\EasyPDFCtrl.obj
         Debug\EasyPDFPropPage.obj
         Debug\MainSection.obj
         Debug\PDFHelper.obj
         Debug\stdafx.obj
         mupdf\libmupdf.lib
         EasyPDF.vcxproj -> G:\H\GitHub\EasyPDF\Debug\EasyPDF.ocx
       RegisterOutput:
         regsvr32 /s "G:\H\GitHub\EasyPDF\Debug\EasyPDF.ocx"
       FinalizeBuildStatus:
         正在删除文件“Debug\EasyPDF.unsuccessfulbuild”。
         正在对“Debug\EasyPDF.lastbuildstate”执行 Touch 任务。
     1>已完成生成项目“G:\H\GitHub\EasyPDF\EasyPDF\EasyPDF.vcxproj”(rebuild 个目标)的操作。

生成成功。

已用时间 00:00:11.95
